Log file open, 09/29/17 03:29:44
LogInit:Display: Running engine for game: MyProject3
LogPlatformFile: Not using cached read wrapper
LogInit:Display: RandInit(-302957775) SRandInit(-302957774).
LogTaskGraph: Started task graph with 5 named threads and 8 total threads with 1 sets of task threads.
LogStats: Stats thread started at 0.333870
LogInit: Using libcurl 7.47.1
LogInit:  - built for x86_64-pc-win32
LogInit:  - supports SSL with OpenSSL/1.0.2g
LogInit:  - supports HTTP deflate (compression) using libz 1.2.8
LogInit:  - other features:
LogInit:      CURL_VERSION_SSL
LogInit:      CURL_VERSION_LIBZ
LogInit:      CURL_VERSION_IPV6
LogInit:      CURL_VERSION_ASYNCHDNS
LogInit:      CURL_VERSION_LARGEFILE
LogInit:      CURL_VERSION_IDN
LogInit:  CurlRequestOptions (configurable via config and command line):
LogInit:  - bVerifyPeer = false  - Libcurl will NOT verify peer certificate
LogInit:  - bUseHttpProxy = false  - Libcurl will NOT use HTTP proxy
LogInit:  - bDontReuseConnections = false  - Libcurl will reuse connections
LogInit:  - CertBundlePath = nullptr  - Libcurl will use whatever was configured at build time.
LogInit: Build: ++UE4+Release-4.16-CL-3561208
LogInit: Engine Version: 4.16.3-3561208+++UE4+Release-4.16
LogInit: Compatible Engine Version: 4.16.0-3452394+++UE4+Release-4.16
LogInit: Net CL: 3452394
LogDevObjectVersion: Number of dev versions registered: 16
LogDevObjectVersion:   Dev-Blueprints (B0D832E4-1F89-4F0D-ACCF-7EB736FD4AA2): 9
LogDevObjectVersion:   Dev-Build (E1C64328-A22C-4D53-A36C-8E866417BD8C): 0
LogDevObjectVersion:   Dev-Core (375EC13C-06E4-48FB-B500-84F0262A717E): 2
LogDevObjectVersion:   Dev-Editor (E4B068ED-F494-42E9-A231-DA0B2E46BB41): 17
LogDevObjectVersion:   Dev-Framework (CFFC743F-43B0-4480-9391-14DF171D2073): 23
LogDevObjectVersion:   Dev-Mobile (B02B49B5-BB20-44E9-A304-32B752E40360): 0
LogDevObjectVersion:   Dev-Networking (A4E4105C-59A1-49B5-A7C5-40C4547EDFEE): 0
LogDevObjectVersion:   Dev-Online (39C831C9-5AE6-47DC-9A44-9C173E1C8E7C): 0
LogDevObjectVersion:   Dev-Physics (78F01B33-EBEA-4F98-B9B4-84EACCB95AA2): 0
LogDevObjectVersion:   Dev-Platform (6631380F-2D4D-43E0-8009-CF276956A95A): 0
LogDevObjectVersion:   Dev-Rendering (12F88B9F-8875-4AFC-A67C-D90C383ABD29): 15
LogDevObjectVersion:   Dev-Sequencer (7B5AE74C-D270-4C10-A958-57980B212A5A): 4
LogDevObjectVersion:   Dev-VR (D7296918-1DD6-4BDD-9DE2-64A83CC13884): 0
LogDevObjectVersion:   Dev-LoadTimes (C2A15278-BFE7-4AFE-6C17-90FF531DF755): 1
LogDevObjectVersion:   Private-Geometry (6EACA3D4-40EC-4CC1-B786-8BED09428FC5): 1
LogDevObjectVersion:   Dev-AnimPhys (29E575DD-E0A3-4627-9D10-D276232CDCEA): 3
LogInit: Compiled (64-bit): Jul 28 2017 11:49:47
LogInit: Compiled with Visual C++: 19.00.24215.01
LogInit: Build Configuration: Development
LogInit: Branch Name: ++UE4+Release-4.16
LogInit: Command line: -EpicPortal 
LogInit: Base directory: C:/Program Files/Epic Games/UE_4.16/Engine/Binaries/Win64/
LogInit: Installed Engine Build: 1
LogInit: Presizing for max 8388607 objects, including 0 objects not considered by GC, pre-allocating 0 bytes for permanent pool.
LogInit: Object subsystem initialized
[2017.09.29-09.29.50:169][  0]LogInit: Selected Device Profile: [Windows]
[2017.09.29-09.29.50:169][  0]LogInit: Applying CVar settings loaded from the selected device profile: [Windows]
[2017.09.29-09.29.50:777][  0]LogInit: Computer: KOMPUTER
[2017.09.29-09.29.50:777][  0]LogInit: User: Admin
[2017.09.29-09.29.50:777][  0]LogInit: CPU Page size=4096, Cores=4
[2017.09.29-09.29.50:777][  0]LogInit: High frequency timer resolution =1.949467 MHz
[2017.09.29-09.29.50:779][  0]LogMemory: Memory total: Physical=5.0GB (5GB approx)
[2017.09.29-09.29.50:779][  0]LogMemory: Platform Memory Stats for Windows
[2017.09.29-09.29.50:779][  0]LogMemory: Process Physical Memory: 273.41 MB used, 273.41 MB peak
[2017.09.29-09.29.50:779][  0]LogMemory: Process Virtual Memory: 266.86 MB used, 266.86 MB peak
[2017.09.29-09.29.50:779][  0]LogMemory: Physical Memory: 4718.30 MB used,  362.93 MB free, 5081.23 MB total
[2017.09.29-09.29.50:779][  0]LogMemory: Virtual Memory: 643.76 MB used,  362.93 MB free, 134217728.00 MB total
[2017.09.29-09.29.54:576][  0]LogInit: Using OS detected language (pl-PL).
[2017.09.29-09.29.54:576][  0]LogInit: Using OS detected locale (dyo-SN).
[2017.09.29-09.29.57:426][  0]LogTextLocalizationManager: No localization for 'pl-PL' exists, so 'en' will be used for the language.
[2017.09.29-09.29.57:427][  0]LogTextLocalizationManager: No localization for 'dyo-SN' exists, so 'en' will be used for the locale.
[2017.09.29-09.31.28:475][  0]LogD3D11RHI: D3D11 adapters:
[2017.09.29-09.31.28:620][  0]LogD3D11RHI:    0. 'AMD Radeon(TM) R5 Graphics' (Feature Level 11_0)
[2017.09.29-09.31.28:620][  0]LogD3D11RHI:       1007/0/2540 MB DedicatedVideo/DedicatedSystem/SharedSystem, Outputs:1, VendorId:0x1002
[2017.09.29-09.31.28:642][  0]LogD3D11RHI:    1. 'Microsoft Basic Render Driver' (Feature Level 11_0)
[2017.09.29-09.31.28:642][  0]LogD3D11RHI:       0/0/2540 MB DedicatedVideo/DedicatedSystem/SharedSystem, Outputs:0, VendorId:0x1414
[2017.09.29-09.31.28:642][  0]LogD3D11RHI: Chosen D3D11 Adapter: 0
[2017.09.29-09.31.28:660][  0]LogD3D11RHI: Creating new Direct3DDevice
[2017.09.29-09.31.28:660][  0]LogD3D11RHI:     GPU DeviceId: 0x9851 (for the marketing name, search the web for "GPU Device Id")
[2017.09.29-09.31.28:660][  0]LogWindows: EnumDisplayDevices:
[2017.09.29-09.31.28:661][  0]LogWindows:    0. 'AMD Radeon(TM) R5 Graphics' (P:1 D:1)
[2017.09.29-09.31.28:662][  0]LogWindows:    1. 'AMD Radeon(TM) R5 Graphics' (P:0 D:0)
[2017.09.29-09.31.28:662][  0]LogWindows: DebugString: FoundDriverCount:2 
[2017.09.29-09.31.28:662][  0]LogD3D11RHI:     Adapter Name: AMD Radeon(TM) R5 Graphics
[2017.09.29-09.31.28:663][  0]LogD3D11RHI:   Driver Version: 15.201.1101.0 (internal:15.201.1101.0, unified:15.201.1101.0)
[2017.09.29-09.31.28:663][  0]LogD3D11RHI:      Driver Date: 8-6-2015
[2017.09.29-09.31.28:663][  0]LogRHI: Texture pool is 705 MB (70% of 1007 MB)
[2017.09.29-09.31.32:491][  0]LogD3D11RHI: Async texture creation enabled
[2017.09.29-09.31.32:539][  0]LogD3D11RHI: GPU Timing Frequency: 100.000000 (Debug: 2 1)
[2017.09.29-09.31.32:547][  0]LogShaderCompilers: Guid format shader working directory is -20 characters bigger than the processId version (../../../../../../Users/Admin/Documents/Unreal Projects/MyProject3/Intermediate/Shaders/WorkingDirectory/3492/).
[2017.09.29-09.31.32:548][  0]LogShaderCompilers: Cleaned the shader compiler working directory 'C:/Users/Admin/AppData/Local/Temp/UnrealShaderWorkingDir/B718E973468D98EFE871C38D37D47925/'.
[2017.09.29-09.31.32:548][  0]LogShaderCompilers:Display: Using Local Shader Compiler.
[2017.09.29-09.32.53:439][  0]LogTemp:Display: Loaded TP AllDesktopTargetPlatform
[2017.09.29-09.32.53:857][  0]LogTemp:Display: Loaded TP MacClientTargetPlatform
[2017.09.29-09.32.54:748][  0]LogTemp:Display: Loaded TP MacNoEditorTargetPlatform
[2017.09.29-09.32.55:142][  0]LogTemp:Display: Loaded TP MacServerTargetPlatform
[2017.09.29-09.32.56:133][  0]LogTemp:Display: Loaded TP MacTargetPlatform
[2017.09.29-09.32.56:565][  0]LogTemp:Display: Loaded TP WindowsClientTargetPlatform
[2017.09.29-09.32.56:883][  0]LogTemp:Display: Loaded TP WindowsNoEditorTargetPlatform
[2017.09.29-09.32.57:176][  0]LogTemp:Display: Loaded TP WindowsServerTargetPlatform
[2017.09.29-09.32.58:175][  0]LogTemp:Display: Loaded TP WindowsTargetPlatform
[2017.09.29-09.33.00:130][  0]LogTemp:Display: Loaded TP AndroidTargetPlatform
[2017.09.29-09.33.01:695][  0]LogTemp:Display: Loaded TP Android_ASTCTargetPlatform
[2017.09.29-09.33.02:668][  0]LogTemp:Display: Loaded TP Android_ATCTargetPlatform
[2017.09.29-09.33.03:544][  0]LogTemp:Display: Loaded TP Android_DXTTargetPlatform
[2017.09.29-09.33.04:926][  0]LogTemp:Display: Loaded TP Android_ETC1TargetPlatform
[2017.09.29-09.33.05:720][  0]LogTemp:Display: Loaded TP Android_ETC2TargetPlatform
[2017.09.29-09.33.07:742][  0]LogTemp:Display: Loaded TP Android_MultiTargetPlatform
[2017.09.29-09.33.07:742][  0]LogTemp:Display: Loaded TP Android_PVRTCTargetPlatform
[2017.09.29-09.33.09:444][  0]LogTemp:Display: Loaded TP HTML5TargetPlatform
[2017.09.29-09.33.11:912][  0]LogTemp:Display: Loaded TP IOSTargetPlatform
[2017.09.29-09.33.12:270][  0]LogTemp:Display: Loaded TP TVOSTargetPlatform
[2017.09.29-09.33.13:132][  0]LogTemp:Display: Loaded TP LinuxClientTargetPlatform
[2017.09.29-09.33.13:506][  0]LogTemp:Display: Loaded TP LinuxNoEditorTargetPlatform
[2017.09.29-09.33.14:376][  0]LogTemp:Display: Loaded TP LinuxServerTargetPlatform
[2017.09.29-09.33.14:995][  0]LogTemp:Display: Loaded TP LinuxTargetPlatform
[2017.09.29-09.33.14:995][  0]LogTargetPlatformManager:Display: Building Assets For Windows
[2017.09.29-09.33.30:125][  0]LogDerivedDataCache:Display: Max Cache Size: 512 MB
[2017.09.29-09.34.05:726][  0]LogDerivedDataCache: Loaded boot cache 35.42s 90MB C:/Users/Admin/AppData/Local/UnrealEngine/4.16/DerivedDataCache/Boot.ddc.
[2017.09.29-09.34.05:726][  0]LogDerivedDataCache:Display: Loaded Boot cache: C:/Users/Admin/AppData/Local/UnrealEngine/4.16/DerivedDataCache/Boot.ddc
[2017.09.29-09.34.05:726][  0]LogDerivedDataCache: FDerivedDataBackendGraph:  Pak pak cache file ../../../../../../Users/Admin/Documents/Unreal Projects/MyProject3/DerivedDataCache/DDC.ddp not found, will not use a pak cache.
[2017.09.29-09.34.05:727][  0]LogDerivedDataCache: Unable to find inner node Pak for hierarchical cache Hierarchy.
[2017.09.29-09.34.05:727][  0]LogDerivedDataCache: FDerivedDataBackendGraph:  CompressedPak pak cache file ../../../../../../Users/Admin/Documents/Unreal Projects/MyProject3/DerivedDataCache/Compressed.ddp not found, will not use a pak cache.
[2017.09.29-09.34.05:727][  0]LogDerivedDataCache: Unable to find inner node CompressedPak for hierarchical cache Hierarchy.
[2017.09.29-09.34.08:365][  0]LogDerivedDataCache:Display: Pak cache opened for reading ../../../Engine/DerivedDataCache/Compressed.ddp.
[2017.09.29-09.34.08:639][  0]LogDerivedDataCache: Using Local data cache path C:/Users/Admin/AppData/Local/UnrealEngine/Common/DerivedDataCache: Writable
[2017.09.29-09.34.08:680][  0]LogMaterial: Verifying Global Shaders for PCD3D_SM5
[2017.09.29-09.34.08:681][  0]LogSlate: Using Freetype 2.6.0
[2017.09.29-09.34.09:742][  0]LogSlate: SlateFontCache - WITH_FREETYPE: 1, WITH_HARFBUZZ: 1
[2017.09.29-09.34.09:743][  0]LogSlate: SlateFontCache - WITH_FREETYPE: 1, WITH_HARFBUZZ: 1
[2017.09.29-09.35.27:986][  0]LogInit: Selected Device Profile: [Windows]
[2017.09.29-09.35.30:533][  0]LogContentStreaming: Texture pool size is 0.00 MB
[2017.09.29-09.35.38:377][  0]LogMeshUtilities: Using QuadricMeshReduction for automatic static mesh reduction
[2017.09.29-09.35.38:940][  0]LogSimplygon: Simplygon DLL not present - disabling.
[2017.09.29-09.35.39:227][  0]LogMeshUtilities: Using SimplygonSwarm for distributed automatic mesh merging
[2017.09.29-09.35.39:227][  0]LogMeshUtilities: No automatic skeletal mesh reduction module available
[2017.09.29-09.35.39:227][  0]LogMeshUtilities: No automatic mesh merging module available
[2017.09.29-09.35.53:164][  0]LogNetVersion: MyProject3 , NetCL: 3452394, EngineNetVer: 2, GameNetVer: 0 (Checksum: 3387135090)
[2017.09.29-09.35.54:021][  0]LogAssetRegistry: FAssetRegistry took 0.1958 seconds to start up
[2017.09.29-09.35.54:506][  0]LogAssetRegistry:Error: Failed to open file for write ../../../../../../Users/Admin/Documents/Unreal Projects/MyProject3/Intermediate/AssetRegistryCache/866581fd.bin
[2017.09.29-09.35.54:571][  0]LogPackageLocalizationCache: Processed 4 localized package path(s) for 1 prioritized culture(s) in 0.264772 seconds
[2017.09.29-09.35.54:595][  0]LogUObjectArray: 34194 objects as part of root set at end of initial load.
[2017.09.29-09.35.54:595][  0]LogUObjectAllocator: 7260416 out of 0 bytes used by permanent object pool.
[2017.09.29-09.35.54:595][  0]LogUObjectArray: CloseDisregardForGC: 0/0 objects in disregard for GC pool
[2017.09.29-09.35.55:089][  0]LogInit: WinSock: version 1.1 (2.2), MaxSocks=32767, MaxUdp=65467
[2017.09.29-09.37.06:568][  0]LogTcpMessaging: Initializing TcpMessaging bridge
[2017.09.29-09.37.06:952][  0]LogUdpMessaging: Initializing bridge on interface 0.0.0.0:0 to multicast group 230.0.0.1:6666.
[2017.09.29-09.37.12:060][  0]LogMaterial: Uniform references updated for custom material expression Custom.
[2017.09.29-09.37.14:939][  0]SourceControl: Info Source control is disabled
[2017.09.29-09.37.14:957][  0]SourceControl: Info Source control is disabled
[2017.09.29-09.37.15:357][  0]SourceControl: Info Source control is disabled
[2017.09.29-09.37.15:643][  0]SourceControl: Info Source control is disabled
[2017.09.29-09.37.20:658][  0]LogAndroidPermission: UAndroidPermissionCallbackProxy::GetInstance
[2017.09.29-09.37.24:620][  0]LogEngine: Initializing Engine...
[2017.09.29-09.37.24:622][  0]LogHMD: Failed to initialize OpenVR with code 110
[2017.09.29-09.37.26:737][  0]LogStats: UGameplayTagsManager::ConstructGameplayTagTree: Construct from data asset -  0.000 s
[2017.09.29-09.37.26:737][  0]LogStats: UGameplayTagsManager::ConstructGameplayTagTree: GameplayTagTreeChangedEvent.Broadcast -  0.000 s
[2017.09.29-09.37.27:477][  0]LogAIModule: Creating AISystem for world Untitled
[2017.09.29-09.37.27:527][  0]LogInit: XAudio2 using 'Speakers (Realtek High Definition Audio)' : 2 channels at 48 kHz using 32 bits per sample (channel mask 0x3)
[2017.09.29-09.37.28:153][  0]LogInit: FAudioDevice initialized.
[2017.09.29-09.37.28:324][  0]LogDerivedDataCache: Saved boot cache 0.17s 90MB C:/Users/Admin/AppData/Local/UnrealEngine/4.16/DerivedDataCache/Boot.ddc.
[2017.09.29-09.37.28:409][  0]LogInit: Texture streaming: Enabled
[2017.09.29-09.37.29:147][  0]LogEngineSessionManager: EngineSessionManager initialized
[2017.09.29-09.37.31:038][  0]LogInit: Transaction tracking system initialized
[2017.09.29-09.37.33:499][  0]BlueprintLog: New page: Editor Load
[2017.09.29-09.37.40:948][  0]LogConfig:Warning: Failed to saved backup for config[LocalizationServiceSettings]
[2017.09.29-09.37.40:953][  0]LocalizationService: Info Localization service is disabled
[2017.09.29-09.37.45:464][  0]LogConsoleResponse:Display: 
[2017.09.29-09.37.50:852][  0]LogCook:Display: Max memory allowance for cook 16384mb min free memory 0mb
[2017.09.29-09.37.50:852][  0]LogCook:Display: Mobile HDR setting 1
[2017.09.29-09.37.51:886][  0]LogFileCache: Scanning file cache for directory 'C:/Users/Admin/Documents/Unreal Projects/MyProject3/Content/' took 0.46s
[2017.09.29-09.37.58:425][  0]SourceControl: Info Source control is disabled
[2017.09.29-09.37.58:426][  0]Cmd: MAP LOAD FILE="../../../../../../Users/Admin/Documents/Unreal Projects/MyProject3/Content/FirstPersonBP/Maps/FirstPersonExampleMap.umap" TEMPLATE=0 SHOWPROGRESS=1 FEATURELEVEL=3
[2017.09.29-09.37.58:521][  0]LightingResults: New page: Lighting Build
[2017.09.29-09.37.58:738][  0]MapCheck: New page: Map Check
[2017.09.29-09.37.58:738][  0]LightingResults: New page: Lighting Build
[2017.09.29-09.38.07:994][  0]LogAIModule: Creating AISystem for world FirstPersonExampleMap
[2017.09.29-09.38.08:528][  0]LogEditorServer: Finished looking for orphan Actors (0.000 secs)
[2017.09.29-09.38.08:655][  0]Cmd: MAP CHECKDEP NOCLEARLOG
[2017.09.29-09.38.08:908][  0]MapCheck: Info Map check complete: 0 Error(s), 0 Warning(s), took 252.374ms to complete.
[2017.09.29-09.38.08:909][  0]LogFileHelpers: Loading map 'FirstPersonExampleMap' took 10.483
[2017.09.29-09.38.10:991][  0]LogCollectionManager: Loaded 0 collections in 0.005992 seconds
[2017.09.29-09.38.11:472][  0]LogFileCache: Scanning file cache for directory 'C:/Users/Admin/Documents/Unreal Projects/MyProject3/Saved/Collections/' took 0.01s
[2017.09.29-09.38.11:472][  0]LogFileCache: Scanning file cache for directory 'C:/Users/Admin/Documents/Unreal Projects/MyProject3/Content/Developers/Admin/Collections/' took 0.01s
[2017.09.29-09.38.11:472][  0]LogFileCache: Scanning file cache for directory 'C:/Users/Admin/Documents/Unreal Projects/MyProject3/Content/Collections/' took 0.01s
[2017.09.29-09.38.11:472][  0]LogCollectionManager: Rebuilt the GUID cache for 0 collections in 0.000004 seconds
[2017.09.29-09.38.11:548][  0]LogContentBrowser: Native class hierarchy populated in 0.0520 seconds. Added 2329 classes and 491 folders.
[2017.09.29-09.38.12:039][  0]LogContentBrowser: Native class hierarchy updated for 'WidgetCarousel' in 0.0017 seconds. Added 0 classes and 0 folders.
[2017.09.29-09.38.15:312][  0]LogContentBrowser: Native class hierarchy updated for 'AddContentDialog' in 0.0018 seconds. Added 0 classes and 0 folders.
[2017.09.29-09.38.15:637][  0]LogContentBrowser: Native class hierarchy updated for 'SceneOutliner' in 0.0017 seconds. Added 1 classes and 2 folders.
[2017.09.29-09.38.16:694][  0]LogCrashTracker: Crashtracker disabled due to settings.
[2017.09.29-09.38.16:990][  0]LogSlate: Took 0.108005 seconds to synchronously load lazily loaded font '../../../Engine/Content/Slate/Fonts/Roboto-Regular.ttf' (155K)
[2017.09.29-09.38.17:081][  0]LogSlate: Took 0.082712 seconds to synchronously load lazily loaded font '../../../Engine/Content/Slate/Fonts/Roboto-Bold.ttf' (160K)
[2017.09.29-09.38.17:201][  0]LogSlate: Took 0.028934 seconds to synchronously load lazily loaded font '../../../Engine/Content/Editor/Slate/Fonts/FontAwesome.ttf' (139K)
[2017.09.29-09.38.18:366][  0]LogRenderer: Reallocating scene render targets to support 888x456 NumSamples 1 (Frame:1).
[2017.09.29-09.38.21:009][  0]LogUObjectGlobals:Warning: Failed to find object 'Class None.'
[2017.09.29-09.38.21:303][  0]LogContentBrowser: Native class hierarchy updated for 'HierarchicalLODOutliner' in 0.0017 seconds. Added 1 classes and 2 folders.
[2017.09.29-09.38.21:304][  0]LogLoad: (Engine Initialization) Total time: 541.82 seconds
[2017.09.29-09.38.21:304][  0]LogLoad: (Engine Initialization) Total Blueprint compile time: 1.55 seconds
[2017.09.29-09.38.21:304][  0]LogExternalProfiler: Found external profiler: VSPerf
[2017.09.29-09.38.21:304][  0]LogExternalProfiler: Using external profiler: VSPerf
[2017.09.29-09.38.21:648][  0]LogOcInput: OculusInput pre-init called
[2017.09.29-09.38.21:648][  0]LogHMD: Starting GearVRController plugin
[2017.09.29-09.38.21:721][  0]LogContentStreaming: Texture pool size now 1000 MB
[2017.09.29-09.38.22:164][  0]LogSlate: Took 0.067282 seconds to synchronously load lazily loaded font '../../../Engine/Content/Slate/Fonts/Roboto-Light.ttf' (159K)
[2017.09.29-09.38.25:531][  9]LogAssetRegistry: Asset discovery search completed in 151.5359 seconds
[2017.09.29-09.38.25:544][  9]LogCollectionManager: Rebuilt the object cache for 0 collections in 0.000002 seconds (found 0 objects)
[2017.09.29-09.38.25:544][  9]LogCollectionManager: Fixed up redirectors for 0 collections in 0.000210 seconds (updated 0 objects)
[2017.09.29-09.43.37:200][933]LogWindowsTextInputMethodSystem:Display: IME system now deactivated.
[2017.09.29-09.43.37:787][934]Cmd: QUIT_EDITOR
[2017.09.29-09.43.37:910][934]LogExit: Preparing to exit.
[2017.09.29-09.43.38:708][934]LogDirectoryWatcher: A directory notification for 'C:/Users/Admin/Documents/Unreal Projects/MyProject3/Content/' was aborted.
[2017.09.29-09.43.39:057][934]LogExit: Editor shut down
[2017.09.29-09.43.39:143][934]LogExit: Transaction tracking system shut down
[2017.09.29-09.43.39:545][934]LogObj: Freed 0b from 0 cluster array pools.
[2017.09.29-09.43.39:546][934]LogExit: Object subsystem successfully closed.
[2017.09.29-09.43.39:600][934]LogD3D11RHI: Shutdown
[2017.09.29-09.43.39:600][934]LogD3D11RHI: CleanupD3DDevice
[2017.09.29-09.43.40:288][934]LogD3D11RHI: ~FD3D11DynamicRHI
[2017.09.29-09.43.40:399][934]LogModuleManager: Shutting down and abandoning module HierarchicalLODOutliner (524)
[2017.09.29-09.43.40:399][934]LogModuleManager: Shutting down and abandoning module CrashTracker (522)
[2017.09.29-09.43.40:400][934]LogModuleManager: Shutting down and abandoning module SceneOutliner (520)
[2017.09.29-09.43.40:400][934]LogModuleManager: Shutting down and abandoning module AddContentDialog (518)
[2017.09.29-09.43.40:400][934]LogDirectoryWatcher: A directory notification for 'C:/Program Files/Epic Games/UE_4.16/FeaturePacks/' was aborted.
[2017.09.29-09.43.40:431][934]LogModuleManager: Shutting down and abandoning module WidgetCarousel (517)
[2017.09.29-09.43.40:431][934]LogModuleManager: Shutting down and abandoning module EditorWidgets (514)
[2017.09.29-09.43.40:431][934]LogModuleManager: Shutting down and abandoning module CollectionManager (512)
[2017.09.29-09.43.40:431][934]LogDirectoryWatcher: A directory notification for 'C:/Users/Admin/Documents/Unreal Projects/MyProject3/Content/Collections/' was aborted.
[2017.09.29-09.43.40:432][934]LogDirectoryWatcher: A directory notification for 'C:/Users/Admin/Documents/Unreal Projects/MyProject3/Content/Developers/Admin/Collections/' was aborted.
[2017.09.29-09.43.40:432][934]LogDirectoryWatcher: A directory notification for 'C:/Users/Admin/Documents/Unreal Projects/MyProject3/Saved/Collections/' was aborted.
[2017.09.29-09.43.40:432][934]LogModuleManager: Shutting down and abandoning module StatsViewer (510)
[2017.09.29-09.43.40:432][934]LogModuleManager: Shutting down and abandoning module FoliageEdit (508)
[2017.09.29-09.43.40:432][934]LogModuleManager: Shutting down and abandoning module LandscapeEditor (506)
[2017.09.29-09.43.40:432][934]LogModuleManager: Shutting down and abandoning module MeshPaintMode (504)
[2017.09.29-09.43.40:432][934]LogModuleManager: Shutting down and abandoning module SceneDepthPickerMode (502)
[2017.09.29-09.43.40:433][934]LogModuleManager: Shutting down and abandoning module ActorPickerMode (500)
[2017.09.29-09.43.40:433][934]LogModuleManager: Shutting down and abandoning module GeometryMode (498)
[2017.09.29-09.43.40:433][934]LogModuleManager: Shutting down and abandoning module TextureAlignMode (496)
[2017.09.29-09.43.40:433][934]LogModuleManager: Shutting down and abandoning module BspMode (494)
[2017.09.29-09.43.40:433][934]LogModuleManager: Shutting down and abandoning module HardwareSurvey (492)
[2017.09.29-09.43.40:433][934]LogModuleManager: Shutting down and abandoning module SequenceRecorderSections (490)
[2017.09.29-09.43.40:433][934]LogModuleManager: Shutting down and abandoning module AutomationWorker (488)
[2017.09.29-09.43.40:433][934]LogModuleManager: Shutting down and abandoning module MatineeToLevelSequence (486)
[2017.09.29-09.43.40:433][934]LogModuleManager: Shutting down and abandoning module LevelSequenceEditor (484)
[2017.09.29-09.43.40:433][934]LogModuleManager: Shutting down and abandoning module PlacementMode (483)
[2017.09.29-09.43.40:433][934]LogModuleManager: Shutting down and abandoning module WmfMediaFactory (480)
[2017.09.29-09.43.40:433][934]LogModuleManager: Shutting down and abandoning module WmfMediaEditor (478)
[2017.09.29-09.43.40:433][934]LogModuleManager: Shutting down and abandoning module AvfMediaFactory (476)
[2017.09.29-09.43.40:433][934]LogModuleManager: Shutting down and abandoning module AvfMediaEditor (474)
[2017.09.29-09.43.40:433][934]LogModuleManager: Shutting down and abandoning module AndroidMediaFactory (472)
[2017.09.29-09.43.40:433][934]LogModuleManager: Shutting down and abandoning module Media (471)
[2017.09.29-09.43.40:433][934]LogModuleManager: Shutting down and abandoning module AndroidMediaEditor (468)
[2017.09.29-09.43.40:434][934]LogModuleManager: Shutting down and abandoning module CharacterAI (466)
[2017.09.29-09.43.40:434][934]LogModuleManager: Shutting down and abandoning module AudioCapture (464)
[2017.09.29-09.43.40:434][934]LogModuleManager: Shutting down and abandoning module SequenceRecorder (463)
[2017.09.29-09.43.40:434][934]LogModuleManager: Shutting down and abandoning module SmartSnapping (460)
[2017.09.29-09.43.40:434][934]LogModuleManager: Shutting down and abandoning module SessionServices (458)
[2017.09.29-09.43.40:434][934]LogModuleManager: Shutting down and abandoning module ViewportSnapping (456)
[2017.09.29-09.43.40:434][934]LogModuleManager: Shutting down and abandoning module ViewportInteraction (454)
[2017.09.29-09.43.40:434][934]LogModuleManager: Shutting down and abandoning module ClothPainter (452)
[2017.09.29-09.43.40:434][934]LogModuleManager: Shutting down and abandoning module LogVisualizer (450)
[2017.09.29-09.43.40:434][934]LogModuleManager: Shutting down and abandoning module IntroTutorials (448)
[2017.09.29-09.43.40:434][934]LogModuleManager: Shutting down and abandoning module GameProjectGeneration (447)
[2017.09.29-09.43.40:434][934]LogModuleManager: Shutting down and abandoning module EditorLiveStreaming (444)
[2017.09.29-09.43.40:434][934]LogModuleManager: Shutting down and abandoning module IOSPlatformEditor (442)
[2017.09.29-09.43.40:435][934]LogModuleManager: Shutting down and abandoning module HTML5PlatformEditor (440)
[2017.09.29-09.43.40:435][934]LogModuleManager: Shutting down and abandoning module AndroidPlatformEditor (438)
[2017.09.29-09.43.40:435][934]LogModuleManager: Shutting down and abandoning module AndroidDeviceDetection (437)
[2017.09.29-09.43.40:601][934]LogModuleManager: Shutting down and abandoning module IOSRuntimeSettings (434)
[2017.09.29-09.43.40:601][934]LogModuleManager: Shutting down and abandoning module AndroidRuntimeSettings (432)
[2017.09.29-09.43.40:601][934]LogModuleManager: Shutting down and abandoning module InputBindingEditor (430)
[2017.09.29-09.43.40:641][934]LogModuleManager: Shutting down and abandoning module MergeActors (428)
[2017.09.29-09.43.40:641][934]LogModuleManager: Shutting down and abandoning module SizeMap (426)
[2017.09.29-09.43.40:642][934]LogModuleManager: Shutting down and abandoning module TreeMap (424)
[2017.09.29-09.43.40:642][934]LogModuleManager: Shutting down and abandoning module ReferenceViewer (422)
[2017.09.29-09.43.40:642][934]LogModuleManager: Shutting down and abandoning module LocalizationDashboard (420)
[2017.09.29-09.43.40:642][934]LogModuleManager: Shutting down and abandoning module LocalizationService (419)
[2017.09.29-09.43.40:643][934]LogModuleManager: Shutting down and abandoning module HardwareTargeting (416)
[2017.09.29-09.43.40:643][934]LogModuleManager: Shutting down and abandoning module DeviceProfileEditor (414)
[2017.09.29-09.43.40:643][934]LogModuleManager: Shutting down and abandoning module UndoHistory (412)
[2017.09.29-09.43.40:643][934]LogModuleManager: Shutting down and abandoning module UserFeedback (410)
[2017.09.29-09.43.40:643][934]LogModuleManager: Shutting down and abandoning module XmlParser (408)
[2017.09.29-09.43.40:643][934]LogModuleManager: Shutting down and abandoning module Blutility (406)
[2017.09.29-09.43.40:643][934]LogModuleManager: Shutting down and abandoning module ProjectSettingsViewer (404)
[2017.09.29-09.43.40:643][934]LogModuleManager: Shutting down and abandoning module ProjectTargetPlatformEditor (403)
[2017.09.29-09.43.40:644][934]LogModuleManager: Shutting down and abandoning module EditorSettingsViewer (400)
[2017.09.29-09.43.40:645][934]LogModuleManager: Shutting down and abandoning module SettingsEditor (398)
[2017.09.29-09.43.40:646][934]LogModuleManager: Shutting down and abandoning module ProjectLauncher (396)
[2017.09.29-09.43.40:649][934]LogModuleManager: Shutting down and abandoning module SessionFrontend (394)
[2017.09.29-09.43.40:649][934]LogModuleManager: Shutting down and abandoning module ProfilerClient (392)
[2017.09.29-09.43.40:649][934]LogModuleManager: Shutting down and abandoning module DeviceManager (390)
[2017.09.29-09.43.40:650][934]LogModuleManager: Shutting down and abandoning module TargetDeviceServices (389)
[2017.09.29-09.43.40:735][934]LogModuleManager: Shutting down and abandoning module AutomationController (386)
[2017.09.29-09.43.40:735][934]LogModuleManager: Shutting down and abandoning module AutomationWindow (384)
[2017.09.29-09.43.40:735][934]LogModuleManager: Shutting down and abandoning module Layers (382)
[2017.09.29-09.43.40:735][934]LogModuleManager: Shutting down and abandoning module ComponentVisualizers (380)
[2017.09.29-09.43.40:735][934]LogModuleManager: Shutting down and abandoning module DetailCustomizations (378)
[2017.09.29-09.43.40:736][934]LogModuleManager: Shutting down and abandoning module PackagesDialog (376)
[2017.09.29-09.43.40:736][934]LogModuleManager: Shutting down and abandoning module Persona (374)
[2017.09.29-09.43.40:736][934]LogModuleManager: Shutting down and abandoning module AdvancedPreviewScene (373)
[2017.09.29-09.43.40:736][934]LogModuleManager: Shutting down and abandoning module AnimGraph (371)
[2017.09.29-09.43.40:736][934]LogModuleManager: Shutting down and abandoning module Kismet (368)
[2017.09.29-09.43.40:738][934]LogModuleManager: Shutting down and abandoning module ClassViewer (366)
[2017.09.29-09.43.40:738][934]LogModuleManager: Shutting down and abandoning module Toolbox (364)
[2017.09.29-09.43.40:738][934]LogModuleManager: Shutting down and abandoning module ModuleUI (362)
[2017.09.29-09.43.40:738][934]LogModuleManager: Shutting down and abandoning module MovieSceneTools (360)
[2017.09.29-09.43.40:738][934]LogModuleManager: Shutting down and abandoning module OutputLog (358)
[2017.09.29-09.43.40:738][934]LogModuleManager: Shutting down and abandoning module GammaUI (356)
[2017.09.29-09.43.40:738][934]LogModuleManager: Shutting down and abandoning module Documentation (354)
[2017.09.29-09.43.40:738][934]LogModuleManager: Shutting down and abandoning module MovieSceneTracks (352)
[2017.09.29-09.43.40:738][934]LogModuleManager: Shutting down and abandoning module MovieScene (350)
[2017.09.29-09.43.40:738][934]LogModuleManager: Shutting down and abandoning module Niagara (348)
[2017.09.29-09.43.40:738][934]LogModuleManager: Shutting down and abandoning module NiagaraEditor (347)
[2017.09.29-09.43.40:738][934]LogModuleManager: Shutting down and abandoning module StreamingPauseRendering (344)
[2017.09.29-09.43.40:738][934]LogModuleManager: Shutting down and abandoning module AnalyticsET (342)
[2017.09.29-09.43.40:738][934]LogModuleManager: Shutting down and abandoning module PortalServices (340)
[2017.09.29-09.43.40:739][934]LogModuleManager: Shutting down and abandoning module PortalRpc (338)
[2017.09.29-09.43.40:739][934]LogModuleManager: Shutting down and abandoning module MessagingRpc (336)
[2017.09.29-09.43.40:739][934]LogModuleManager: Shutting down and abandoning module AIModule (334)
[2017.09.29-09.43.40:739][934]LogModuleManager: Shutting down and abandoning module GameplayDebugger (333)
[2017.09.29-09.43.40:739][934]LogModuleManager: Shutting down and abandoning module AITestSuite (331)
[2017.09.29-09.43.40:739][934]LogModuleManager: Shutting down and abandoning module ProfilerService (328)
[2017.09.29-09.43.40:894][934]LogModuleManager: Shutting down and abandoning module TaskGraph (326)
[2017.09.29-09.43.40:894][934]LogModuleManager: Shutting down and abandoning module SteamVRController (324)
[2017.09.29-09.43.40:894][934]LogModuleManager: Shutting down and abandoning module SteamVR (322)
[2017.09.29-09.43.40:894][934]LogModuleManager: Shutting down and abandoning module ProceduralMeshComponentEditor (320)
[2017.09.29-09.43.40:894][934]LogModuleManager: Shutting down and abandoning module ProceduralMeshComponent (318)
[2017.09.29-09.43.40:894][934]LogModuleManager: Shutting down and abandoning module OculusLibrary (316)
[2017.09.29-09.43.40:894][934]LogModuleManager: Shutting down and abandoning module OculusInput (314)
[2017.09.29-09.43.40:894][934]LogModuleManager: Shutting down and abandoning module MobilePatchingUtils (312)
[2017.09.29-09.43.40:894][934]LogModuleManager: Shutting down and abandoning module CustomMeshComponent (310)
[2017.09.29-09.43.40:895][934]LogModuleManager: Shutting down and abandoning module CableComponent (308)
[2017.09.29-09.43.40:895][934]LogModuleManager: Shutting down and abandoning module ArchVisCharacter (306)
[2017.09.29-09.43.40:895][934]LogModuleManager: Shutting down and abandoning module AndroidPermission (304)
[2017.09.29-09.43.40:895][934]LogModuleManager: Shutting down and abandoning module MediaPlayerEditor (300)
[2017.09.29-09.43.40:895][934]LogModuleManager: Shutting down and abandoning module HTML5Networking (298)
[2017.09.29-09.43.40:895][934]LogModuleManager: Shutting down and abandoning module AlembicImporter (296)
[2017.09.29-09.43.40:895][934]LogModuleManager: Shutting down and abandoning module AlembicLibrary (295)
[2017.09.29-09.43.40:897][934]LogModuleManager: Shutting down and abandoning module GeometryCache (294)
[2017.09.29-09.43.40:897][934]LogModuleManager: Shutting down and abandoning module GeometryCacheEd (293)
[2017.09.29-09.43.40:897][934]LogModuleManager: Shutting down and abandoning module SuperSearchEditor (288)
[2017.09.29-09.43.40:897][934]LogModuleManager: Shutting down and abandoning module SuperSearch (287)
[2017.09.29-09.43.40:897][934]LogModuleManager: Shutting down and abandoning module SpeedTreeImporter (284)
[2017.09.29-09.43.40:897][934]LogModuleManager: Shutting down and abandoning module PluginBrowser (282)
[2017.09.29-09.43.40:897][934]LogModuleManager: Shutting down and abandoning module MobileLauncherProfileWizard (280)
[2017.09.29-09.43.40:897][934]LogModuleManager: Shutting down and abandoning module VisualStudioSourceCodeAccess (278)
[2017.09.29-09.43.40:897][934]LogModuleManager: Shutting down and abandoning module DesktopPlatform (277)
[2017.09.29-09.43.40:897][934]LogModuleManager: Shutting down and abandoning module UObjectPlugin (274)
[2017.09.29-09.43.40:897][934]LogModuleManager: Shutting down and abandoning module SubversionSourceControl (272)
[2017.09.29-09.43.40:898][934]LogModuleManager: Shutting down and abandoning module PerforceSourceControl (270)
[2017.09.29-09.43.40:898][934]LogModuleManager: Shutting down and abandoning module GitSourceControl (268)
[2017.09.29-09.43.40:898][934]LogModuleManager: Shutting down and abandoning module SourceControl (267)
[2017.09.29-09.43.40:898][934]LogModuleManager: Shutting down and abandoning module LightPropagationVolumeEditor (264)
[2017.09.29-09.43.40:898][934]LogModuleManager: Shutting down and abandoning module PaperTiledImporter (262)
[2017.09.29-09.43.40:898][934]LogModuleManager: Shutting down and abandoning module PaperSpriteSheetImporter (260)
[2017.09.29-09.43.40:898][934]LogModuleManager: Shutting down and abandoning module Paper2DEditor (258)
[2017.09.29-09.43.40:898][934]LogModuleManager: Shutting down and abandoning module MeshPaint (257)
[2017.09.29-09.43.40:898][934]LogModuleManager: Shutting down and abandoning module LevelEditor (255)
[2017.09.29-09.43.40:903][934]LogModuleManager: Shutting down and abandoning module PixelInspectorModule (254)
[2017.09.29-09.43.40:903][934]LogModuleManager: Shutting down and abandoning module MainFrame (252)
[2017.09.29-09.43.40:903][934]LogModuleManager: Shutting down and abandoning module HotReload (251)
[2017.09.29-09.43.40:906][934]LogModuleManager: Shutting down and abandoning module PhysXVehiclesEditor (246)
[2017.09.29-09.43.40:906][934]LogModuleManager: Shutting down and abandoning module PhysXVehicles (244)
[2017.09.29-09.43.40:906][934]LogModuleManager: Shutting down and abandoning module LocationServicesBPLibrary (242)
[2017.09.29-09.43.40:906][934]LogModuleManager: Shutting down and abandoning module ImmediatePhysicsEditor (240)
[2017.09.29-09.43.40:906][934]LogModuleManager: Shutting down and abandoning module ImmediatePhysics (238)
[2017.09.29-09.43.40:906][934]LogModuleManager: Shutting down and abandoning module UdpMessaging (236)
[2017.09.29-09.43.41:021][934]LogModuleManager: Shutting down and abandoning module TcpMessaging (234)
[2017.09.29-09.43.41:338][934]LogModuleManager: Shutting down and abandoning module GameplayTagsEditor (232)
[2017.09.29-09.43.41:338][934]LogModuleManager: Shutting down and abandoning module FacialAnimationEditor (230)
[2017.09.29-09.43.41:338][934]LogModuleManager: Shutting down and abandoning module FacialAnimation (228)
[2017.09.29-09.43.41:338][934]LogModuleManager: Shutting down and abandoning module AssetManagerEditor (226)
[2017.09.29-09.43.41:338][934]LogModuleManager: Shutting down and abandoning module GraphEditor (225)
[2017.09.29-09.43.41:338][934]LogModuleManager: Shutting down and abandoning module ContentBrowser (223)
[2017.09.29-09.43.41:344][934]LogModuleManager: Shutting down and abandoning module LightPropagationVolumeRuntime (220)
[2017.09.29-09.43.41:344][934]LogModuleManager: Shutting down and abandoning module Paper2D (218)
[2017.09.29-09.43.41:344][934]LogModuleManager: Shutting down and abandoning module WindowsMoviePlayer (216)
[2017.09.29-09.43.41:344][934]LogModuleManager: Shutting down and abandoning module WmfMedia (214)
[2017.09.29-09.43.41:345][934]LogModuleManager: Shutting down and abandoning module ClothingSystemEditor (212)
[2017.09.29-09.43.41:346][934]LogModuleManager: Shutting down and abandoning module ClothingSystemRuntime (210)
[2017.09.29-09.43.41:346][934]LogModuleManager: Shutting down and abandoning module MediaAssets (208)
[2017.09.29-09.43.41:346][934]LogModuleManager: Shutting down and abandoning module GameLiveStreaming (206)
[2017.09.29-09.43.41:346][934]LogModuleManager: Shutting down and abandoning module VREditor (204)
[2017.09.29-09.43.41:347][934]LogModuleManager: Shutting down and abandoning module StringTableEditor (202)
[2017.09.29-09.43.41:348][934]LogModuleManager: Shutting down and abandoning module GameplayTasksEditor (200)
[2017.09.29-09.43.41:348][934]LogModuleManager: Shutting down and abandoning module BehaviorTreeEditor (198)
[2017.09.29-09.43.41:348][934]LogModuleManager: Shutting down and abandoning module FunctionalTesting (196)
[2017.09.29-09.43.41:348][934]LogModuleManager: Shutting down and abandoning module CollisionAnalyzer (194)
[2017.09.29-09.43.41:348][934]LogModuleManager: Shutting down and abandoning module UMG (192)
[2017.09.29-09.43.41:348][934]LogModuleManager: Shutting down and abandoning module UMGEditor (191)
[2017.09.29-09.43.41:348][934]LogModuleManager: Shutting down and abandoning module Sequencer (190)
[2017.09.29-09.43.41:349][934]LogModuleManager: Shutting down and abandoning module AssetTools (188)
[2017.09.29-09.43.41:349][934]LogModuleManager: Shutting down and abandoning module MessageLog (187)
[2017.09.29-09.43.41:349][934]LogModuleManager: Shutting down and abandoning module WorkspaceMenuStructure (186)
[2017.09.29-09.43.41:349][934]LogModuleManager: Shutting down and abandoning module SlateReflector (180)
[2017.09.29-09.43.41:349][934]LogModuleManager: Shutting down and abandoning module Slate (178)
[2017.09.29-09.43.41:349][934]LogModuleManager: Shutting down and abandoning module EditorStyle (176)
[2017.09.29-09.43.41:361][934]LogModuleManager: Shutting down and abandoning module SourceCodeAccess (174)
[2017.09.29-09.43.41:361][934]LogModuleManager: Shutting down and abandoning module HeadMountedDisplay (172)
[2017.09.29-09.43.41:361][934]LogModuleManager: Shutting down and abandoning module XAudio2 (170)
[2017.09.29-09.43.41:361][934]LogModuleManager: Shutting down and abandoning module Networking (168)
[2017.09.29-09.43.41:361][934]LogModuleManager: Shutting down and abandoning module Core (164)
[2017.09.29-09.43.41:361][934]LogModuleManager: Shutting down and abandoning module AssetRegistry (162)
[2017.09.29-09.43.41:766][934]LogDirectoryWatcher: A directory notification for '../../../Engine/Content/' was aborted.
[2017.09.29-09.43.41:766][934]LogDirectoryWatcher: A directory notification for '../../../../../../Users/Admin/Documents/Unreal Projects/MyProject3/Content/' was aborted.
[2017.09.29-09.43.41:766][934]LogDirectoryWatcher: A directory notification for '../../../Engine/Plugins/2D/Paper2D/Content/' was aborted.
[2017.09.29-09.43.41:766][934]LogDirectoryWatcher: A directory notification for '../../../Engine/Plugins/Runtime/GearVR/Content/' was aborted.
[2017.09.29-09.43.41:776][934]LogModuleManager: Shutting down and abandoning module DirectoryWatcher (161)
[2017.09.29-09.43.41:784][934]LogModuleManager: Shutting down and abandoning module KismetCompiler (158)
[2017.09.29-09.43.41:784][934]LogModuleManager: Shutting down and abandoning module LevelSequence (156)
[2017.09.29-09.43.41:784][934]LogModuleManager: Shutting down and abandoning module PhysXFormats (154)
[2017.09.29-09.43.41:784][934]LogModuleManager: Shutting down and abandoning module MeshUtilities (152)
[2017.09.29-09.43.41:784][934]LogModuleManager: Shutting down and abandoning module SimplygonSwarm (151)
[2017.09.29-09.43.41:784][934]LogModuleManager: Shutting down and abandoning module SimplygonMeshReduction (149)
[2017.09.29-09.43.41:784][934]LogModuleManager: Shutting down and abandoning module QuadricMeshReduction (147)
[2017.09.29-09.43.41:785][934]LogModuleManager: Shutting down and abandoning module DerivedDataCache (144)
[2017.09.29-09.43.41:862][934]LogDerivedDataCache: Shutdown
[2017.09.29-09.43.41:862][934]LogModuleManager: Shutting down and abandoning module TargetPlatform (142)
[2017.09.29-09.43.41:862][934]LogModuleManager: Shutting down and abandoning module VulkanShaderFormat (141)
[2017.09.29-09.43.41:862][934]LogModuleManager: Shutting down and abandoning module ShaderFormatVectorVM (139)
[2017.09.29-09.43.41:862][934]LogModuleManager: Shutting down and abandoning module ShaderFormatOpenGL (137)
[2017.09.29-09.43.41:862][934]LogModuleManager: Shutting down and abandoning module ShaderFormatD3D (135)
[2017.09.29-09.43.41:862][934]LogModuleManager: Shutting down and abandoning module MetalShaderFormat (133)
[2017.09.29-09.43.41:863][934]LogModuleManager: Shutting down and abandoning module TextureFormatUncompressed (131)
[2017.09.29-09.43.41:863][934]LogModuleManager: Shutting down and abandoning module TextureFormatPVR (129)
[2017.09.29-09.43.41:863][934]LogModuleManager: Shutting down and abandoning module TextureFormatDXT (127)
[2017.09.29-09.43.41:863][934]LogModuleManager: Shutting down and abandoning module TextureFormatIntelISPCTexComp (125)
[2017.09.29-09.43.41:863][934]LogModuleManager: Shutting down and abandoning module TextureFormatASTC (123)
[2017.09.29-09.43.41:863][934]LogModuleManager: Shutting down and abandoning module ImageWrapper (122)
[2017.09.29-09.43.41:863][934]LogModuleManager: Shutting down and abandoning module TextureFormatAndroid (119)
[2017.09.29-09.43.41:864][934]LogModuleManager: Shutting down and abandoning module AudioFormatOpus (117)
[2017.09.29-09.43.41:864][934]LogModuleManager: Shutting down and abandoning module AudioFormatOgg (115)
[2017.09.29-09.43.41:864][934]LogModuleManager: Shutting down and abandoning module AudioFormatADPCM (113)
[2017.09.29-09.43.41:864][934]LogModuleManager: Shutting down and abandoning module LinuxTargetPlatform (111)
[2017.09.29-09.43.41:864][934]LogModuleManager: Shutting down and abandoning module LinuxServerTargetPlatform (109)
[2017.09.29-09.43.41:864][934]LogModuleManager: Shutting down and abandoning module LinuxNoEditorTargetPlatform (107)
[2017.09.29-09.43.41:864][934]LogModuleManager: Shutting down and abandoning module LinuxClientTargetPlatform (105)
[2017.09.29-09.43.41:864][934]LogModuleManager: Shutting down and abandoning module TVOSTargetPlatform (103)
[2017.09.29-09.43.41:864][934]LogModuleManager: Shutting down and abandoning module Messaging (101)
[2017.09.29-09.43.41:865][934]LogModuleManager: Shutting down and abandoning module IOSTargetPlatform (99)
[2017.09.29-09.43.41:865][934]LogModuleManager: Shutting down and abandoning module HTML5TargetPlatform (97)
[2017.09.29-09.43.41:865][934]LogModuleManager: Shutting down and abandoning module Android_PVRTCTargetPlatform (95)
[2017.09.29-09.43.41:865][934]LogModuleManager: Shutting down and abandoning module Android_MultiTargetPlatform (93)
[2017.09.29-09.43.41:865][934]LogModuleManager: Shutting down and abandoning module Android_ETC2TargetPlatform (91)
[2017.09.29-09.43.41:865][934]LogModuleManager: Shutting down and abandoning module Android_ETC1TargetPlatform (89)
[2017.09.29-09.43.41:865][934]LogModuleManager: Shutting down and abandoning module Android_DXTTargetPlatform (87)
[2017.09.29-09.43.41:865][934]LogModuleManager: Shutting down and abandoning module Android_ATCTargetPlatform (85)
[2017.09.29-09.43.41:865][934]LogModuleManager: Shutting down and abandoning module Android_ASTCTargetPlatform (83)
[2017.09.29-09.43.41:865][934]LogModuleManager: Shutting down and abandoning module AndroidTargetPlatform (81)
[2017.09.29-09.43.41:865][934]LogModuleManager: Shutting down and abandoning module WindowsTargetPlatform (79)
[2017.09.29-09.43.41:865][934]LogModuleManager: Shutting down and abandoning module WindowsServerTargetPlatform (77)
[2017.09.29-09.43.41:865][934]LogModuleManager: Shutting down and abandoning module WindowsNoEditorTargetPlatform (75)
[2017.09.29-09.43.41:865][934]LogModuleManager: Shutting down and abandoning module WindowsClientTargetPlatform (73)
[2017.09.29-09.43.41:865][934]LogModuleManager: Shutting down and abandoning module MacTargetPlatform (71)
[2017.09.29-09.43.41:866][934]LogModuleManager: Shutting down and abandoning module MacServerTargetPlatform (69)
[2017.09.29-09.43.41:866][934]LogModuleManager: Shutting down and abandoning module MacNoEditorTargetPlatform (67)
[2017.09.29-09.43.41:866][934]LogModuleManager: Shutting down and abandoning module MacClientTargetPlatform (65)
[2017.09.29-09.43.41:866][934]LogModuleManager: Shutting down and abandoning module AllDesktopTargetPlatform (63)
[2017.09.29-09.43.41:866][934]LogModuleManager: Shutting down and abandoning module InputCore (60)
[2017.09.29-09.43.41:866][934]LogModuleManager: Shutting down and abandoning module Settings (58)
[2017.09.29-09.43.41:866][934]LogModuleManager: Shutting down and abandoning module OculusRift (56)
[2017.09.29-09.43.41:866][934]LogModuleManager: Shutting down and abandoning module GearVRController (54)
[2017.09.29-09.43.41:866][934]LogModuleManager: Shutting down and abandoning module GearVR (52)
[2017.09.29-09.43.41:866][934]LogModuleManager: Shutting down and abandoning module ExampleDeviceProfileSelector (50)
[2017.09.29-09.43.41:866][934]LogModuleManager: Shutting down and abandoning module OnlineBlueprintSupport (48)
[2017.09.29-09.43.41:866][934]LogModuleManager: Shutting down and abandoning module OnlineSubsystem (44)
[2017.09.29-09.43.41:866][934]LogOnline:Display: Unloading online subsystem: NULL
[2017.09.29-09.43.41:866][934]LogModuleManager: Shutting down and abandoning module XMPP (43)
[2017.09.29-09.43.41:867][934]LogModuleManager: Shutting down and abandoning module HTTP (41)
[2017.09.29-09.43.41:867][934]LogHttp:Display: Http module shutting down, but needs to wait on 1 outstanding Http requests:
[2017.09.29-09.43.41:867][934]LogHttp:Display: 	verb=[POST] url=[https://datarouter.ol.epicgames.com/datarouter/api/v1/public/data?SessionID=%7B73D9CEC5-4F33-0C86-1D1E-A8A117F2AEEF%7D&AppID=UEEditor.Rocket.Release&AppVersion=4.16.3-3561208%2B%2B%2BUE4%2BRelease-4.16&UserID=77b951b4450f07bc5e29ca8b833775a6%7C7fda7475babf4aec9d5145f091933252%7C19945ba2-149d-48a4-8e7e-20bf595dd9dd&AppEnvironment=datacollector-binary&UploadType=eteventstream] status=Processing
[2017.09.29-09.43.41:883][934]LogModuleManager: Shutting down and abandoning module SSL (40)
[2017.09.29-09.43.41:887][934]LogModuleManager: Shutting down and abandoning module HTTPChunkInstaller (36)
[2017.09.29-09.43.41:887][934]LogModuleManager: Shutting down and abandoning module AnimationModifiers (34)
[2017.09.29-09.43.41:887][934]LogModuleManager: Shutting down and abandoning module PropertyEditor (33)
[2017.09.29-09.43.41:887][934]LogModuleManager: Shutting down and abandoning module AudioEditor (30)
[2017.09.29-09.43.41:887][934]LogModuleManager: Shutting down and abandoning module TextureCompressor (28)
[2017.09.29-09.43.41:888][934]LogModuleManager: Shutting down and abandoning module ShaderCore (26)
[2017.09.29-09.43.41:888][934]LogModuleManager: Shutting down and abandoning module Landscape (24)
[2017.09.29-09.43.41:888][934]LogModuleManager: Shutting down and abandoning module SlateRHIRenderer (22)
[2017.09.29-09.43.41:894][934]LogModuleManager: Shutting down and abandoning module OpenGLDrv (20)
[2017.09.29-09.43.41:894][934]LogModuleManager: Shutting down and abandoning module D3D11RHI (18)
[2017.09.29-09.43.41:895][934]LogModuleManager: Shutting down and abandoning module AnimGraphRuntime (16)
[2017.09.29-09.43.41:895][934]LogModuleManager: Shutting down and abandoning module Renderer (14)
[2017.09.29-09.43.41:895][934]LogModuleManager: Shutting down and abandoning module Engine (12)
[2017.09.29-09.43.41:895][934]LogModuleManager: Shutting down and abandoning module CoreUObject (10)
[2017.09.29-09.43.41:895][934]LogModuleManager: Shutting down and abandoning module NetworkFile (8)
[2017.09.29-09.43.41:895][934]LogModuleManager: Shutting down and abandoning module StreamingFile (6)
[2017.09.29-09.43.41:895][934]LogModuleManager: Shutting down and abandoning module SandboxFile (4)
[2017.09.29-09.43.41:895][934]LogModuleManager: Shutting down and abandoning module PakFile (2)
[2017.09.29-09.43.41:903][934]LogExit: Exiting.
[2017.09.29-09.43.41:963][934]Log file closed, 09/29/17 03:43:41
